  user.cpp
C:\Users\kapit\source\repos\TaskManager\TaskManager\db.h(172,47): warning C4267: "inicjowanie": konwersja z "size_t" do "unsigned int", możliwa utrata danych
     Trwa tworzenie biblioteki C:\Users\kapit\source\repos\TaskManager\x64\Release\TaskManager.lib i obiektu C:\Users\kapit\source\repos\TaskManager\x64\Release\TaskManager.exp
  Trwa generowanie kodu
  6 of 274 functions ( 2.2%) were compiled, the rest were copied from previous compilation.
    0 functions were new in current compilation
    0 functions had inline decision re-evaluated but remain unchanged
  Zakończono generowanie kodu
mysqlcppconn-static.lib(mysql_driver.obj) : warning LNK4099: nie znaleziono pliku PDB „jdbc.pdb” z elementem „mysqlcppconn-static.lib(mysql_driver.obj)” lub w pozycji „C:\Users\kapit\source\repos\TaskManager\x64\Release\jdbc.pdb”; obiekt zostanie skonsolidowany bez informacji debugowania
mysqlcppconn-static.lib(mysql_connection.obj) : warning LNK4099: nie znaleziono pliku PDB „jdbc.pdb” z elementem „mysqlcppconn-static.lib(mysql_connection.obj)” lub w pozycji „C:\Users\kapit\source\repos\TaskManager\x64\Release\jdbc.pdb”; obiekt zostanie skonsolidowany bez informacji debugowania
mysqlcppconn-static.lib(mysql_native_driver_wrapper.obj) : warning LNK4099: nie znaleziono pliku PDB „jdbc.pdb” z elementem „mysqlcppconn-static.lib(mysql_native_driver_wrapper.obj)” lub w pozycji „C:\Users\kapit\source\repos\TaskManager\x64\Release\jdbc.pdb”; obiekt zostanie skonsolidowany bez informacji debugowania
mysqlcppconn-static.lib(mysql_uri.obj) : warning LNK4099: nie znaleziono pliku PDB „jdbc.pdb” z elementem „mysqlcppconn-static.lib(mysql_uri.obj)” lub w pozycji „C:\Users\kapit\source\repos\TaskManager\x64\Release\jdbc.pdb”; obiekt zostanie skonsolidowany bez informacji debugowania
mysqlcppconn-static.lib(mysql_metadata.obj) : warning LNK4099: nie znaleziono pliku PDB „jdbc.pdb” z elementem „mysqlcppconn-static.lib(mysql_metadata.obj)” lub w pozycji „C:\Users\kapit\source\repos\TaskManager\x64\Release\jdbc.pdb”; obiekt zostanie skonsolidowany bez informacji debugowania
mysqlcppconn-static.lib(mysql_warning.obj) : warning LNK4099: nie znaleziono pliku PDB „jdbc.pdb” z elementem „mysqlcppconn-static.lib(mysql_warning.obj)” lub w pozycji „C:\Users\kapit\source\repos\TaskManager\x64\Release\jdbc.pdb”; obiekt zostanie skonsolidowany bez informacji debugowania
mysqlcppconn-static.lib(mysql_prepared_statement.obj) : warning LNK4099: nie znaleziono pliku PDB „jdbc.pdb” z elementem „mysqlcppconn-static.lib(mysql_prepared_statement.obj)” lub w pozycji „C:\Users\kapit\source\repos\TaskManager\x64\Release\jdbc.pdb”; obiekt zostanie skonsolidowany bez informacji debugowania
mysqlcppconn-static.lib(mysql_statement.obj) : warning LNK4099: nie znaleziono pliku PDB „jdbc.pdb” z elementem „mysqlcppconn-static.lib(mysql_statement.obj)” lub w pozycji „C:\Users\kapit\source\repos\TaskManager\x64\Release\jdbc.pdb”; obiekt zostanie skonsolidowany bez informacji debugowania
mysqlcppconn-static.lib(mysql_debug.obj) : warning LNK4099: nie znaleziono pliku PDB „jdbc.pdb” z elementem „mysqlcppconn-static.lib(mysql_debug.obj)” lub w pozycji „C:\Users\kapit\source\repos\TaskManager\x64\Release\jdbc.pdb”; obiekt zostanie skonsolidowany bez informacji debugowania
mysqlcppconn-static.lib(mysql_client_api.obj) : warning LNK4099: nie znaleziono pliku PDB „jdbc.pdb” z elementem „mysqlcppconn-static.lib(mysql_client_api.obj)” lub w pozycji „C:\Users\kapit\source\repos\TaskManager\x64\Release\jdbc.pdb”; obiekt zostanie skonsolidowany bez informacji debugowania
mysqlcppconn-static.lib(mysql_native_connection_wrapper.obj) : warning LNK4099: nie znaleziono pliku PDB „jdbc.pdb” z elementem „mysqlcppconn-static.lib(mysql_native_connection_wrapper.obj)” lub w pozycji „C:\Users\kapit\source\repos\TaskManager\x64\Release\jdbc.pdb”; obiekt zostanie skonsolidowany bez informacji debugowania
mysqlcppconn-static.lib(mysql_util.obj) : warning LNK4099: nie znaleziono pliku PDB „jdbc.pdb” z elementem „mysqlcppconn-static.lib(mysql_util.obj)” lub w pozycji „C:\Users\kapit\source\repos\TaskManager\x64\Release\jdbc.pdb”; obiekt zostanie skonsolidowany bez informacji debugowania
mysqlcppconn-static.lib(mysql_art_resultset.obj) : warning LNK4099: nie znaleziono pliku PDB „jdbc.pdb” z elementem „mysqlcppconn-static.lib(mysql_art_resultset.obj)” lub w pozycji „C:\Users\kapit\source\repos\TaskManager\x64\Release\jdbc.pdb”; obiekt zostanie skonsolidowany bez informacji debugowania
mysqlcppconn-static.lib(mysql_resultbind.obj) : warning LNK4099: nie znaleziono pliku PDB „jdbc.pdb” z elementem „mysqlcppconn-static.lib(mysql_resultbind.obj)” lub w pozycji „C:\Users\kapit\source\repos\TaskManager\x64\Release\jdbc.pdb”; obiekt zostanie skonsolidowany bez informacji debugowania
mysqlcppconn-static.lib(mysql_ps_resultset.obj) : warning LNK4099: nie znaleziono pliku PDB „jdbc.pdb” z elementem „mysqlcppconn-static.lib(mysql_ps_resultset.obj)” lub w pozycji „C:\Users\kapit\source\repos\TaskManager\x64\Release\jdbc.pdb”; obiekt zostanie skonsolidowany bez informacji debugowania
mysqlcppconn-static.lib(mysql_ps_resultset_metadata.obj) : warning LNK4099: nie znaleziono pliku PDB „jdbc.pdb” z elementem „mysqlcppconn-static.lib(mysql_ps_resultset_metadata.obj)” lub w pozycji „C:\Users\kapit\source\repos\TaskManager\x64\Release\jdbc.pdb”; obiekt zostanie skonsolidowany bez informacji debugowania
mysqlcppconn-static.lib(mysql_parameter_metadata.obj) : warning LNK4099: nie znaleziono pliku PDB „jdbc.pdb” z elementem „mysqlcppconn-static.lib(mysql_parameter_metadata.obj)” lub w pozycji „C:\Users\kapit\source\repos\TaskManager\x64\Release\jdbc.pdb”; obiekt zostanie skonsolidowany bez informacji debugowania
mysqlcppconn-static.lib(mysql_resultset.obj) : warning LNK4099: nie znaleziono pliku PDB „jdbc.pdb” z elementem „mysqlcppconn-static.lib(mysql_resultset.obj)” lub w pozycji „C:\Users\kapit\source\repos\TaskManager\x64\Release\jdbc.pdb”; obiekt zostanie skonsolidowany bez informacji debugowania
mysqlcppconn-static.lib(mysql_native_resultset_wrapper.obj) : warning LNK4099: nie znaleziono pliku PDB „jdbc.pdb” z elementem „mysqlcppconn-static.lib(mysql_native_resultset_wrapper.obj)” lub w pozycji „C:\Users\kapit\source\repos\TaskManager\x64\Release\jdbc.pdb”; obiekt zostanie skonsolidowany bez informacji debugowania
mysqlcppconn-static.lib(mysql_native_statement_wrapper.obj) : warning LNK4099: nie znaleziono pliku PDB „jdbc.pdb” z elementem „mysqlcppconn-static.lib(mysql_native_statement_wrapper.obj)” lub w pozycji „C:\Users\kapit\source\repos\TaskManager\x64\Release\jdbc.pdb”; obiekt zostanie skonsolidowany bez informacji debugowania
mysqlcppconn-static.lib(mysql_art_rset_metadata.obj) : warning LNK4099: nie znaleziono pliku PDB „jdbc.pdb” z elementem „mysqlcppconn-static.lib(mysql_art_rset_metadata.obj)” lub w pozycji „C:\Users\kapit\source\repos\TaskManager\x64\Release\jdbc.pdb”; obiekt zostanie skonsolidowany bez informacji debugowania
mysqlcppconn-static.lib(mysql_resultset_metadata.obj) : warning LNK4099: nie znaleziono pliku PDB „jdbc.pdb” z elementem „mysqlcppconn-static.lib(mysql_resultset_metadata.obj)” lub w pozycji „C:\Users\kapit\source\repos\TaskManager\x64\Release\jdbc.pdb”; obiekt zostanie skonsolidowany bez informacji debugowania
  TaskManager.vcxproj -> C:\Users\kapit\source\repos\TaskManager\x64\Release\TaskManager.exe
